13:46:52 **** Incremental Build of configuration Debug for project rms_v1 ****
make -j16 all 
arm-none-eabi-gcc "../Core/Src/mqtt.c" -mcpu=cortex-m0plus -std=gnu11 -g3 -DDEBUG -DUSE_HAL_DRIVER -DSTM32G070xx -c -I../Core/Inc -I../Drivers/STM32G0xx_HAL_Driver/Inc -I../Drivers/STM32G0xx_HAL_Driver/Inc/Legacy -I../Drivers/CMSIS/Device/ST/STM32G0xx/Include -I../Drivers/CMSIS/Include -O0 -ffunction-sections -fdata-sections -Wall -fstack-usage -fcyclomatic-complexity -MMD -MP -MF"Core/Src/mqtt.d" -MT"Core/Src/mqtt.o" --specs=nano.specs -mfloat-abi=soft -mthumb -o "Core/Src/mqtt.o"
../Core/Src/mqtt.c: In function 'SIMTransmit':
../Core/Src/mqtt.c:161:21: warning: variable 'error_rc' set but not used [-Wunused-but-set-variable]
  161 |   HAL_StatusTypeDef error_rc;
      |                     ^~~~~~~~
../Core/Src/mqtt.c:160:21: warning: variable 'error_tr' set but not used [-Wunused-but-set-variable]
  160 |   HAL_StatusTypeDef error_tr;
      |                     ^~~~~~~~
../Core/Src/mqtt.c:158:7: warning: unused variable 'i' [-Wunused-variable]
  158 |   int i = strlen(cmd);
      |       ^
../Core/Src/mqtt.c: In function 'uploadcertificate':
../Core/Src/mqtt.c:179:1: warning: control reaches end of non-void function [-Wreturn-type]
  179 | }
      | ^
arm-none-eabi-gcc -o "rms_v1.elf" @"objects.list"   -mcpu=cortex-m0plus -T"C:\Users\SEIL\Desktop\rms_v1\STM32G070RBTX_FLASH.ld" --specs=nosys.specs -Wl,-Map="rms_v1.map" -Wl,--gc-sections -static --specs=nano.specs -mfloat-abi=soft -mthumb -Wl,--start-group -lc -lm -Wl,--end-group
Finished building target: rms_v1.elf
 
arm-none-eabi-size  rms_v1.elf 
arm-none-eabi-objdump -h -S rms_v1.elf  > "rms_v1.list"
   text	   data	    bss	    dec	    hex	filename
  25468	    212	   3932	  29612	   73ac	rms_v1.elf
Finished building: default.size.stdout
 
Finished building: rms_v1.list
 
13:46:59 **** Incremental Build of configuration Debug for project rms_v1 ****
make -j16 all 
arm-none-eabi-size  rms_v1.elf 
   text	   data	    bss	    dec	    hex	filename
  25468	    212	   3932	  29612	   73ac	rms_v1.elf
Finished building: default.size.stdout
 
13:52:23 **** Incremental Build of configuration Debug for project rms_v1 ****
make -j16 all 
arm-none-eabi-gcc "../Core/Src/main.c" -mcpu=cortex-m0plus -std=gnu11 -g3 -DDEBUG -DUSE_HAL_DRIVER -DSTM32G070xx -c -I../Core/Inc -I../Drivers/STM32G0xx_HAL_Driver/Inc -I../Drivers/STM32G0xx_HAL_Driver/Inc/Legacy -I../Drivers/CMSIS/Device/ST/STM32G0xx/Include -I../Drivers/CMSIS/Include -O0 -ffunction-sections -fdata-sections -Wall -fstack-usage -fcyclomatic-complexity -MMD -MP -MF"Core/Src/main.d" -MT"Core/Src/main.o" --specs=nano.specs -mfloat-abi=soft -mthumb -o "Core/Src/main.o"
../Core/Src/main.c: In function 'load_rsa_certificate':
../Core/Src/main.c:106:42: warning: pointer targets in passing argument 2 of 'HAL_UART_Transmit' differ in signedness [-Wpointer-sign]
  106 |           if (HAL_UART_Transmit(&huart3, &cert[i], 1, HAL_MAX_DELAY) != HAL_OK) {
      |                                          ^~~~~~~~
      |                                          |
      |                                          const char *
In file included from ../Core/Inc/stm32g0xx_hal_conf.h:319,
                 from ../Drivers/STM32G0xx_HAL_Driver/Inc/stm32g0xx_hal.h:29,
                 from ../Core/Inc/main.h:30,
                 from ../Core/Src/main.c:20:
../Drivers/STM32G0xx_HAL_Driver/Inc/stm32g0xx_hal_uart.h:1633:79: note: expected 'const uint8_t *' {aka 'const unsigned char *'} but argument is of type 'const char *'
 1633 | HAL_StatusTypeDef HAL_UART_Transmit(UART_HandleTypeDef *huart, const uint8_t *pData, uint16_t Size, uint32_t Timeout);
      |                                                                ~~~~~~~~~~~~~~~^~~~~
../Core/Src/main.c: In function 'main':
../Core/Src/main.c:209:21: warning: unused variable 'Inverter_receive_status' [-Wunused-variable]
  209 |   HAL_StatusTypeDef Inverter_receive_status=HAL_TIMEOUT;
      |                     ^~~~~~~~~~~~~~~~~~~~~~~
../Core/Src/main.c:154:21: warning: unused variable 'private_key' [-Wunused-variable]
  154 |         const char *private_key = "-----BEGIN RSA PRIVATE KEY-----\r\n"
      |                     ^~~~~~~~~~~
../Core/Src/main.c:133:21: warning: unused variable 'client_cert' [-Wunused-variable]
  133 |         const char *client_cert = "-----BEGIN CERTIFICATE-----\r\n"
      |                     ^~~~~~~~~~~
../Core/Src/main.c:103:11: warning: unused variable 'buffer' [-Wunused-variable]
  103 |   uint8_t buffer[100] = {0};
      |           ^~~~~~
../Core/Src/main.c: At top level:
../Core/Src/main.c:104:8: warning: 'load_rsa_certificate' defined but not used [-Wunused-function]
  104 |   void load_rsa_certificate(const char *cert, const char cert_len) {
      |        ^~~~~~~~~~~~~~~~~~~~
In file included from ../Core/Src/main.c:23:
../Core/Inc/config.h:22:17: warning: 'topic' defined but not used [-Wunused-variable]
   22 |     static char topic[] = "inverter/1/data";
      |                 ^~~~~
arm-none-eabi-gcc -o "rms_v1.elf" @"objects.list"   -mcpu=cortex-m0plus -T"C:\Users\SEIL\Desktop\rms_v1\STM32G070RBTX_FLASH.ld" --specs=nosys.specs -Wl,-Map="rms_v1.map" -Wl,--gc-sections -static --specs=nano.specs -mfloat-abi=soft -mthumb -Wl,--start-group -lc -lm -Wl,--end-group
Finished building target: rms_v1.elf
 
arm-none-eabi-size  rms_v1.elf 
arm-none-eabi-objdump -h -S rms_v1.elf  > "rms_v1.list"
   text	   data	    bss	    dec	    hex	filename
  25468	    212	   3932	  29612	   73ac	rms_v1.elf
Finished building: default.size.stdout
 
Finished building: rms_v1.list
 
13:58:37 **** Incremental Build of configuration Debug for project rms_v1 ****
make -j16 all 
arm-none-eabi-gcc "../Core/Src/main.c" -mcpu=cortex-m0plus -std=gnu11 -g3 -DDEBUG -DUSE_HAL_DRIVER -DSTM32G070xx -c -I../Core/Inc -I../Drivers/STM32G0xx_HAL_Driver/Inc -I../Drivers/STM32G0xx_HAL_Driver/Inc/Legacy -I../Drivers/CMSIS/Device/ST/STM32G0xx/Include -I../Drivers/CMSIS/Include -O0 -ffunction-sections -fdata-sections -Wall -fstack-usage -fcyclomatic-complexity -MMD -MP -MF"Core/Src/main.d" -MT"Core/Src/main.o" --specs=nano.specs -mfloat-abi=soft -mthumb -o "Core/Src/main.o"
arm-none-eabi-gcc "../Core/Src/mqtt.c" -mcpu=cortex-m0plus -std=gnu11 -g3 -DDEBUG -DUSE_HAL_DRIVER -DSTM32G070xx -c -I../Core/Inc -I../Drivers/STM32G0xx_HAL_Driver/Inc -I../Drivers/STM32G0xx_HAL_Driver/Inc/Legacy -I../Drivers/CMSIS/Device/ST/STM32G0xx/Include -I../Drivers/CMSIS/Include -O0 -ffunction-sections -fdata-sections -Wall -fstack-usage -fcyclomatic-complexity -MMD -MP -MF"Core/Src/mqtt.d" -MT"Core/Src/mqtt.o" --specs=nano.specs -mfloat-abi=soft -mthumb -o "Core/Src/mqtt.o"
../Core/Src/mqtt.c: In function 'SIMTransmit':
../Core/Src/mqtt.c:161:21: warning: variable 'error_rc' set but not used [-Wunused-but-set-variable]
  161 |   HAL_StatusTypeDef error_rc;
      |                     ^~~~~~~~
../Core/Src/mqtt.c:160:21: warning: variable 'error_tr' set but not used [-Wunused-but-set-variable]
  160 |   HAL_StatusTypeDef error_tr;
      |                     ^~~~~~~~
../Core/Src/mqtt.c:158:7: warning: unused variable 'i' [-Wunused-variable]
  158 |   int i = strlen(cmd);
      |       ^
../Core/Src/mqtt.c: At top level:
../Core/Src/mqtt.c:183:9: error: stray '`' in program
  183 |         `
      |         ^
../Core/Src/mqtt.c: In function 'uploadcertificate':
../Core/Src/mqtt.c:180:1: warning: control reaches end of non-void function [-Wreturn-type]
  180 | }
      | ^
../Core/Src/main.c: In function 'main':
../Core/Src/main.c:209:21: warning: unused variable 'Inverter_receive_status' [-Wunused-variable]
  209 |   HAL_StatusTypeDef Inverter_receive_status=HAL_TIMEOUT;
      |                     ^~~~~~~~~~~~~~~~~~~~~~~
../Core/Src/main.c:154:21: warning: unused variable 'private_key' [-Wunused-variable]
  154 |         const char *private_key = "-----BEGIN RSA PRIVATE KEY-----\r\n"
      |                     ^~~~~~~~~~~
../Core/Src/main.c:133:21: warning: unused variable 'client_cert' [-Wunused-variable]
  133 |         const char *client_cert = "-----BEGIN CERTIFICATE-----\r\n"
      |                     ^~~~~~~~~~~
In file included from ../Core/Src/main.c:23:
../Core/Inc/config.h: At top level:
../Core/Inc/config.h:22:17: warning: 'topic' defined but not used [-Wunused-variable]
   22 |     static char topic[] = "inverter/1/data";
      |                 ^~~~~
make: *** [Core/Src/subdir.mk:37: Core/Src/mqtt.o] Error 1
make: *** Waiting for unfinished jobs....
"make -j16 all" terminated with exit code 2. Build might be incomplete.
13:58:53 **** Incremental Build of configuration Debug for project rms_v1 ****
make -j16 all 
arm-none-eabi-gcc "../Core/Src/mqtt.c" -mcpu=cortex-m0plus -std=gnu11 -g3 -DDEBUG -DUSE_HAL_DRIVER -DSTM32G070xx -c -I../Core/Inc -I../Drivers/STM32G0xx_HAL_Driver/Inc -I../Drivers/STM32G0xx_HAL_Driver/Inc/Legacy -I../Drivers/CMSIS/Device/ST/STM32G0xx/Include -I../Drivers/CMSIS/Include -O0 -ffunction-sections -fdata-sections -Wall -fstack-usage -fcyclomatic-complexity -MMD -MP -MF"Core/Src/mqtt.d" -MT"Core/Src/mqtt.o" --specs=nano.specs -mfloat-abi=soft -mthumb -o "Core/Src/mqtt.o"
../Core/Src/mqtt.c: In function 'SIMTransmit':
../Core/Src/mqtt.c:161:21: warning: variable 'error_rc' set but not used [-Wunused-but-set-variable]
  161 |   HAL_StatusTypeDef error_rc;
      |                     ^~~~~~~~
../Core/Src/mqtt.c:160:21: warning: variable 'error_tr' set but not used [-Wunused-but-set-variable]
  160 |   HAL_StatusTypeDef error_tr;
      |                     ^~~~~~~~
../Core/Src/mqtt.c:158:7: warning: unused variable 'i' [-Wunused-variable]
  158 |   int i = strlen(cmd);
      |       ^
../Core/Src/mqtt.c: In function 'uploadcertificate':
../Core/Src/mqtt.c:180:1: warning: control reaches end of non-void function [-Wreturn-type]
  180 | }
      | ^
arm-none-eabi-gcc -o "rms_v1.elf" @"objects.list"   -mcpu=cortex-m0plus -T"C:\Users\SEIL\Desktop\rms_v1\STM32G070RBTX_FLASH.ld" --specs=nosys.specs -Wl,-Map="rms_v1.map" -Wl,--gc-sections -static --specs=nano.specs -mfloat-abi=soft -mthumb -Wl,--start-group -lc -lm -Wl,--end-group
Finished building target: rms_v1.elf
 
arm-none-eabi-size  rms_v1.elf 
arm-none-eabi-objdump -h -S rms_v1.elf  > "rms_v1.list"
   text	   data	    bss	    dec	    hex	filename
  25432	    212	   4956	  30600	   7788	rms_v1.elf
Finished building: default.size.stdout
 
Finished building: rms_v1.list
 
14:04:52 **** Incremental Build of configuration Debug for project rms_v1 ****
make -j16 all 
arm-none-eabi-gcc "../Core/Src/main.c" -mcpu=cortex-m0plus -std=gnu11 -g3 -DDEBUG -DUSE_HAL_DRIVER -DSTM32G070xx -c -I../Core/Inc -I../Drivers/STM32G0xx_HAL_Driver/Inc -I../Drivers/STM32G0xx_HAL_Driver/Inc/Legacy -I../Drivers/CMSIS/Device/ST/STM32G0xx/Include -I../Drivers/CMSIS/Include -O0 -ffunction-sections -fdata-sections -Wall -fstack-usage -fcyclomatic-complexity -MMD -MP -MF"Core/Src/main.d" -MT"Core/Src/main.o" --specs=nano.specs -mfloat-abi=soft -mthumb -o "Core/Src/main.o"
../Core/Src/main.c: In function 'main':
../Core/Src/main.c:209:21: warning: unused variable 'Inverter_receive_status' [-Wunused-variable]
  209 |   HAL_StatusTypeDef Inverter_receive_status=HAL_TIMEOUT;
      |                     ^~~~~~~~~~~~~~~~~~~~~~~
../Core/Src/main.c:154:21: warning: unused variable 'private_key' [-Wunused-variable]
  154 |         const char *private_key = "-----BEGIN RSA PRIVATE KEY-----\r\n"
      |                     ^~~~~~~~~~~
../Core/Src/main.c:133:21: warning: unused variable 'client_cert' [-Wunused-variable]
  133 |         const char *client_cert = "-----BEGIN CERTIFICATE-----\r\n"
      |                     ^~~~~~~~~~~
In file included from ../Core/Src/main.c:23:
../Core/Inc/config.h: At top level:
../Core/Inc/config.h:22:17: warning: 'topic' defined but not used [-Wunused-variable]
   22 |     static char topic[] = "inverter/1/data";
      |                 ^~~~~
arm-none-eabi-gcc -o "rms_v1.elf" @"objects.list"   -mcpu=cortex-m0plus -T"C:\Users\SEIL\Desktop\rms_v1\STM32G070RBTX_FLASH.ld" --specs=nosys.specs -Wl,-Map="rms_v1.map" -Wl,--gc-sections -static --specs=nano.specs -mfloat-abi=soft -mthumb -Wl,--start-group -lc -lm -Wl,--end-group
Finished building target: rms_v1.elf
 
arm-none-eabi-size  rms_v1.elf 
arm-none-eabi-objdump -h -S rms_v1.elf  > "rms_v1.list"
   text	   data	    bss	    dec	    hex	filename
  25432	    212	   4956	  30600	   7788	rms_v1.elf
Finished building: default.size.stdout
 
Finished building: rms_v1.list
 
14:05:32 **** Incremental Build of configuration Debug for project rms_v1 ****
make -j16 all 
arm-none-eabi-size  rms_v1.elf 
   text	   data	    bss	    dec	    hex	filename
  25432	    212	   4956	  30600	   7788	rms_v1.elf
Finished building: default.size.stdout
 
